<?xml version="1.0" encoding="UTF-8"?>
<routes xmlns="http://camel.apache.org/schema/spring" xmlns:xsi="http://www.w3.org/2001/XMLSchema-instance" xsi:schemaLocation="http://www.w3.org/2001/XMLSchema-instance http://camel.apache.org/schema/spring/camel-spring-2.14.1.xsd">
    <!--
    A5 Printer LS1 Theke: 10.0.4.53       sub812
    A4 Printer BBK        10.0.3.8        bbk-test
    -->
    <!--    
<camel:propertyPlaceholder id="properties" location="classpath:printServer.properties,file:target/custom.properties"/>
    -->
    <route>
        <from uri="file:./target/generated-test-resources/hotfolder/in?noop=true&include=.*.print"/>
        <to uri="layout:.?xslfo=./target/test-classes/xslt/layout2fo.xsl&template=./target/test-classes/layouts/ous40_layout_001_du.asc"/>
               
        <!--
        <setHeader headerName="subject">
            <constant>new incident reported</constant>
        </setHeader>
        -->
        
        <!--
        <to uri="lpr://localhost/PDFWriter"/>
        -->
        <!--
        <to uri="file:${file:name}.pdf"/>
        -->
        <to uri="lpr://localhost/PDFWriter"/>
    </route>

</routes>
