<?xml version="1.0" encoding="UTF-8"?>
<routes xmlns="http://camel.apache.org/schema/spring" xmlns:xsi="http://www.w3.org/2001/XMLSchema-instance" xsi:schemaLocation="http://www.w3.org/2001/XMLSchema-instance http://camel.apache.org/schema/spring/camel-spring-2.14.1.xsd">
    <!--
    A5 Printer LS1 Theke: 10.0.4.53       sub812
    A4 Printer BBK        10.0.3.8        bbk-test
    -->
    <!--    
<camel:propertyPlaceholder id="properties" location="classpath:printServer.properties,file:target/custom.properties"/>
    -->
    <route>
        <from uri="file:./target/generated-test-resources/hotfolder/lbs3/in?include=sub473_\d{16}_slip001.print&amp;noop=true"/>
        <to uri="layout:.?xslfo=./target/test-classes/xslt/layout2fo.xsl&amp;template=./target/test-classes/layouts/ous40_layout_001_du.asc&amp;outputFormat=PS"/>
               
        <!--
        &amp;pageSize=A5
        -->
        
        <!--
        <to uri="lpr://localhost/PDFWriter?mediaSize=iso_a4&amp;mimeType=application/postscript&amp;flavor=DocFlavor.INPUT_STREAM"/>
        -->
        <!--
        <to uri="file:./target/generated-test-resources/hotfolder/in?fileName${file:name}.ps"/>
        -->
        <!--
        <to uri="lpr://localhost/bbk-test"/>
        -->
        <to uri="lpr://localhost/PDFwriter"/>
    </route>

</routes>
